2019-10-11  10:17:13,639 : ________
2019-10-11  10:17:13,655 : Starte W10Privacy v.3.3.1.0 im Gui-Modus - WIN_10 [1903] 
2019-10-11  10:17:13,655 : W10Privacy wurde über den Benutzer <drago> gestartet.
2019-10-11  10:17:13,670 : Administrativer Kontext erkannt, es können auch systemspezifische Einstellungen angepasst werden.
2019-10-11  10:17:14,045 : Beginne die Ermittlung der Aufgaben...
2019-10-11  10:17:14,451 : Ermittlung der Aufgaben abgeschlossen.
2019-10-11  10:17:14,451 : Beginne die Ermittlung der System-Apps...
2019-10-11  10:17:17,560 : Ermittlung der System-Apps abgeschlossen.
2019-10-11  10:17:17,576 : Beginne die Ermittlung der Benutzer-Apps...
2019-10-11  10:17:25,792 : Ermittlung der Benutzer-Apps abgeschlossen.
2019-10-11  10:17:25,792 : Beginne die Ermittlung der Firewall-Regeln...
2019-10-11  10:17:27,761 : Ermittlung der Firewall-Regeln abgeschlossen.
2019-10-11  10:17:37,711 : Beginne die Ermittlung der Namen der System-Apps für die Firewall-Regeln...
2019-10-11  10:17:38,774 : Ermittlung der Namen der System-Apps für die Firewall-Regeln abgeschlossen.
2019-10-11  10:18:30,385 : Fehler beim Einlesen der Datei <Get-WUInstall.ps1>, kann Einstellung nicht einlesen!
2019-10-11  10:19:09,141 : Führe Anpassungen an PowerShell-Scripten aus, damit diese von W10Privacy verwendet werden können.
2019-10-11  10:19:09,391 : Fake-WSUS-Server wird nun hinterlegt, <Windows Update> kann vom System zur Suche nach Updates nicht mehr erreicht werden!
2019-10-11  10:19:09,672 : Dienst <wuauserv> wird gestoppt...
2019-10-11  10:19:12,265 : The Windows Update service is stopping.
2019-10-11  10:19:12,265 : The Windows Update service was stopped successfully.
2019-10-11  10:19:12,469 : Dienst <cryptsvc> wird gestoppt...
2019-10-11  10:19:17,577 : The Cryptographic Services service is stopping...
2019-10-11  10:19:17,577 : The Cryptographic Services service was stopped successfully.
2019-10-11  10:19:18,123 : Dienst <bits> wird gestartet...
2019-10-11  10:19:20,217 : The Background Intelligent Transfer Service service is starting.
2019-10-11  10:19:20,217 : The Background Intelligent Transfer Service service was started successfully.
2019-10-11  10:19:20,342 : Dienst <wuauserv> wird gestartet...
2019-10-11  10:19:22,419 : The Windows Update service is starting.
2019-10-11  10:19:22,419 : The Windows Update service was started successfully.
2019-10-11  10:19:22,544 : Dienst <appidsvc> wird gestartet...
2019-10-11  10:19:24,716 : The Application Identity service is starting.
2019-10-11  10:19:24,731 : The Application Identity service was started successfully.
2019-10-11  10:19:24,919 : Ermittelter WSUS-Clientordner: c:\Windows\winsxs\amd64_microsoft-windows-w..wsupdateclient-core_31bf3856ad364e35_10.0.18362.1_none_813fcce426d1e811\
2019-10-11  10:19:26,075 : Starte Script zum Aufbau des Kontates zum WSUS-Server...
2019-10-11  10:19:27,262 : Suche nach Treibern wird bei der Suche nach Windows Updates deaktiviert.
2019-10-11  10:19:28,090 : Setzen der ExecutionPolicy <Unrestricted> für PowerShell-Scripte.
2019-10-11  10:19:28,418 : Prüfe auf ausstehenden Neustart über das PSWindowsUpdate-Modul.
2019-10-11  10:19:35,599 : Fehler beim Einlesen der Ausgabedatei, Reboot-Status kann über PSWindowsUpdate nicht ermittelt werden!
2019-10-11  10:19:35,606 : Ausstehender Neustart auf Basis des Registry-Keys <HKLM(64)\SOFTWARE\Microsoft\Windows\CurrentVersion\Component Based Servicing> ermittelt.
2019-10-11  10:19:35,609 : Ausstehender Neustart aufgrund von Windows-Updates ermittelt, es wird keine Suche nach weiteren Updates durchgeführt.
2019-10-11  10:19:35,616 : Deaktiviere die ExecutionPolicy <Unrestricted> für PowerShell-Scripte.
2019-10-11  10:19:40,317 : W10Privacy wird beendet.
2019-10-11  10:19:45,660 : ________
2019-10-11  10:19:45,675 : Starte W10Privacy v.3.3.1.0 im Gui-Modus - WIN_10 [1903] 
2019-10-11  10:19:45,675 : W10Privacy wurde über den Benutzer <drago> gestartet.
2019-10-11  10:19:45,675 : KEIN administrativer Kontext vorhanden, das Programm kann nur benutzerspezifische Einstellungen ändern.
2019-10-11  10:19:51,029 : Beginne die Ermittlung der Aufgaben...
2019-10-11  10:19:51,436 : Ermittlung der Aufgaben abgeschlossen.
2019-10-11  10:19:51,436 : System-Apps können leider nicht ermittelt werden, angemeldeter Benutzer verfügt nicht über administrative Rechte.
2019-10-11  10:19:51,451 : Beginne die Ermittlung der Benutzer-Apps...
2019-10-11  10:19:53,513 : Ermittlung der Benutzer-Apps abgeschlossen.
2019-10-11  10:19:53,529 : Beginne die Ermittlung der Firewall-Regeln...
2019-10-11  10:19:54,294 : Ermittlung der Firewall-Regeln abgeschlossen.
2019-10-11  10:20:02,995 : Beginne die Ermittlung der Namen der System-Apps für die Firewall-Regeln...
2019-10-11  10:20:05,776 : Ermittlung der Namen der System-Apps für die Firewall-Regeln abgeschlossen.
2019-10-11  10:20:26,053 : W10Privacy wird beendet.
2019-10-11  10:20:31,940 : ________
2019-10-11  10:20:31,940 : Starte W10Privacy v.3.3.1.0 im Gui-Modus - WIN_10 [1903] 
2019-10-11  10:20:31,956 : W10Privacy wurde über den Benutzer <drago> gestartet.
2019-10-11  10:20:31,956 : Administrativer Kontext erkannt, es können auch systemspezifische Einstellungen angepasst werden.
2019-10-11  10:20:32,128 : Beginne die Ermittlung der Aufgaben...
2019-10-11  10:20:32,503 : Ermittlung der Aufgaben abgeschlossen.
2019-10-11  10:20:32,503 : Beginne die Ermittlung der System-Apps...
2019-10-11  10:20:34,190 : Ermittlung der System-Apps abgeschlossen.
2019-10-11  10:20:34,206 : Beginne die Ermittlung der Benutzer-Apps...
2019-10-11  10:20:35,877 : Ermittlung der Benutzer-Apps abgeschlossen.
2019-10-11  10:20:35,893 : Beginne die Ermittlung der Firewall-Regeln...
2019-10-11  10:20:36,455 : Ermittlung der Firewall-Regeln abgeschlossen.
2019-10-11  10:20:44,672 : Beginne die Ermittlung der Namen der System-Apps für die Firewall-Regeln...
2019-10-11  10:20:45,781 : Ermittlung der Namen der System-Apps für die Firewall-Regeln abgeschlossen.
2019-10-11  10:21:03,011 : W10Privacy wird beendet.
2024-09-15  21:56:26,347 : ________
2024-09-15  21:56:26,355 : Starte W10Privacy v.3.3.1.0 im Gui-Modus - WIN_10 [19045] 
2024-09-15  21:56:26,364 : W10Privacy wurde über den Benutzer <Administrator> gestartet.
2024-09-15  21:56:26,367 : Administrativer Kontext erkannt, es können auch systemspezifische Einstellungen angepasst werden.
2024-09-15  21:56:26,671 : Beginne die Ermittlung der Aufgaben...
2024-09-15  21:56:27,627 : Ermittlung der Aufgaben abgeschlossen.
2024-09-15  21:56:27,632 : Beginne die Ermittlung der System-Apps...
2024-09-15  21:56:29,536 : Ermittlung der System-Apps abgeschlossen.
2024-09-15  21:56:29,541 : Beginne die Ermittlung der Benutzer-Apps...
2024-09-15  21:56:33,488 : Ermittlung der Benutzer-Apps abgeschlossen.
2024-09-15  21:56:33,493 : Beginne die Ermittlung der Firewall-Regeln...
2024-09-15  21:56:34,672 : Ermittlung der Firewall-Regeln abgeschlossen.
2024-09-15  21:56:51,784 : Beginne die Ermittlung der Namen der System-Apps für die Firewall-Regeln...
2024-09-15  21:56:52,910 : Ermittlung der Namen der System-Apps für die Firewall-Regeln abgeschlossen.
2024-09-15  21:58:08,425 : Fehler beim Einlesen der Datei <Get-WUInstall.ps1>, kann Einstellung nicht einlesen!
2024-09-15  21:58:47,621 : Fehler beim Einlesen der Datei <Get-WUInstall.ps1>, kann Einstellung nicht einlesen!
2024-09-15  21:59:02,183 : W10Privacy wird beendet.
2024-09-15  22:34:11,883 : ________
2024-09-15  22:34:11,892 : Starte W10Privacy v.3.3.1.0 im Gui-Modus - WIN_10 [19045] 
2024-09-15  22:34:11,899 : W10Privacy wurde über den Benutzer <Administrator> gestartet.
2024-09-15  22:34:11,902 : Administrativer Kontext erkannt, es können auch systemspezifische Einstellungen angepasst werden.
2024-09-15  22:34:12,181 : Beginne die Ermittlung der Aufgaben...
2024-09-15  22:34:13,261 : Ermittlung der Aufgaben abgeschlossen.
2024-09-15  22:34:13,268 : Beginne die Ermittlung der System-Apps...
2024-09-15  22:34:15,179 : Ermittlung der System-Apps abgeschlossen.
2024-09-15  22:34:15,185 : Beginne die Ermittlung der Benutzer-Apps...
2024-09-15  22:34:18,226 : Ermittlung der Benutzer-Apps abgeschlossen.
2024-09-15  22:34:18,231 : Beginne die Ermittlung der Firewall-Regeln...
2024-09-15  22:34:19,189 : Ermittlung der Firewall-Regeln abgeschlossen.
2024-09-15  22:34:36,780 : Beginne die Ermittlung der Namen der System-Apps für die Firewall-Regeln...
2024-09-15  22:34:37,906 : Ermittlung der Namen der System-Apps für die Firewall-Regeln abgeschlossen.
2024-09-15  22:38:00,958 : Setze Registry-Key HKEY_CURRENT_USER\SOFTWARE\Microsoft\Windows\CurrentVersion\DeviceAccess\Global\{BFA794E4-F964-4FDB-90F6-51056BFE4B44}\Value -> Deny
2024-09-15  22:38:03,217 : Beginne die Ermittlung der Aufgaben...
2024-09-15  22:38:04,130 : Ermittlung der Aufgaben abgeschlossen.
2024-09-15  22:38:04,134 : Beginne die Ermittlung der System-Apps...
2024-09-15  22:38:05,967 : Ermittlung der System-Apps abgeschlossen.
2024-09-15  22:38:05,971 : Beginne die Ermittlung der Benutzer-Apps...
2024-09-15  22:38:08,406 : Ermittlung der Benutzer-Apps abgeschlossen.
2024-09-15  22:38:08,412 : Beginne die Ermittlung der Firewall-Regeln...
2024-09-15  22:38:09,238 : Ermittlung der Firewall-Regeln abgeschlossen.
2024-09-15  22:38:37,144 : Beginne die Ermittlung der Namen der System-Apps für die Firewall-Regeln...
2024-09-15  22:38:38,495 : Ermittlung der Namen der System-Apps für die Firewall-Regeln abgeschlossen.
2024-09-15  22:38:51,181 : W10Privacy wird beendet.
2024-09-16  04:32:08,550 : ________
2024-09-16  04:32:08,550 : Starte W10Privacy v.3.3.1.0 im Gui-Modus - WIN_10 [19045] 
2024-09-16  04:32:08,550 : W10Privacy wurde über den Benutzer <Administrator> gestartet.
2024-09-16  04:32:08,565 : Administrativer Kontext erkannt, es können auch systemspezifische Einstellungen angepasst werden.
2024-09-16  04:32:08,784 : Beginne die Ermittlung der Aufgaben...
2024-09-16  04:32:09,503 : Ermittlung der Aufgaben abgeschlossen.
2024-09-16  04:32:09,503 : Beginne die Ermittlung der System-Apps...
2024-09-16  04:32:11,175 : Ermittlung der System-Apps abgeschlossen.
2024-09-16  04:32:11,175 : Beginne die Ermittlung der Benutzer-Apps...
2024-09-16  04:32:14,034 : Ermittlung der Benutzer-Apps abgeschlossen.
2024-09-16  04:32:14,034 : Beginne die Ermittlung der Firewall-Regeln...
2024-09-16  04:32:14,721 : Ermittlung der Firewall-Regeln abgeschlossen.
2024-09-16  04:32:28,284 : Beginne die Ermittlung der Namen der System-Apps für die Firewall-Regeln...
2024-09-16  04:32:29,175 : Ermittlung der Namen der System-Apps für die Firewall-Regeln abgeschlossen.
2024-09-16  04:34:25,684 : Setze Registry-Key HKEY_LOCAL_MACHINE\SYSTEM\ControlSet001\Services\lfsvc\Service\Configuration\Status -> 1
2024-09-16  04:34:25,687 : Setze Registry-Key HKEY_LOCAL_MACHINE\SYSTEM\CurrentControlSet\Services\lfsvc\Service\Configuration\Status -> 1
2024-09-16  04:34:25,710 : Setze Registry-Key HKEY_CURRENT_USER\SOFTWARE\Microsoft\Windows\CurrentVersion\BackgroundAccessApplications\windows.immersivecontrolpanel_cw5n1h2txyewy\DisabledByUser -> 1
2024-09-16  04:34:27,909 : Beginne die Ermittlung der Aufgaben...
2024-09-16  04:34:28,707 : Ermittlung der Aufgaben abgeschlossen.
2024-09-16  04:34:28,710 : Beginne die Ermittlung der System-Apps...
2024-09-16  04:34:30,422 : Ermittlung der System-Apps abgeschlossen.
2024-09-16  04:34:30,428 : Beginne die Ermittlung der Benutzer-Apps...
2024-09-16  04:34:32,443 : Ermittlung der Benutzer-Apps abgeschlossen.
2024-09-16  04:34:32,447 : Beginne die Ermittlung der Firewall-Regeln...
2024-09-16  04:34:33,193 : Ermittlung der Firewall-Regeln abgeschlossen.
2024-09-16  04:34:58,581 : Beginne die Ermittlung der Namen der System-Apps für die Firewall-Regeln...
2024-09-16  04:34:59,794 : Ermittlung der Namen der System-Apps für die Firewall-Regeln abgeschlossen.
2024-09-21  05:16:59,431 : ________
2024-09-21  05:16:59,446 : Starte W10Privacy v.3.3.1.0 im Gui-Modus - WIN_10 [19045] 
2024-09-21  05:16:59,446 : W10Privacy wurde über den Benutzer <renz> gestartet.
2024-09-21  05:16:59,446 : KEIN administrativer Kontext vorhanden, das Programm kann nur benutzerspezifische Einstellungen ändern.
2024-09-21  05:17:00,384 : Beginne die Ermittlung der Aufgaben...
2024-09-21  05:17:01,525 : Ermittlung der Aufgaben abgeschlossen.
2024-09-21  05:17:01,525 : System-Apps können leider nicht ermittelt werden, angemeldeter Benutzer verfügt nicht über administrative Rechte.
2024-09-21  05:17:01,525 : Beginne die Ermittlung der Benutzer-Apps...
2024-09-21  05:17:05,837 : Ermittlung der Benutzer-Apps abgeschlossen.
2024-09-21  05:17:05,837 : Beginne die Ermittlung der Firewall-Regeln...
2024-09-21  05:17:07,446 : Ermittlung der Firewall-Regeln abgeschlossen.
2024-09-21  05:17:23,946 : Beginne die Ermittlung der Namen der System-Apps für die Firewall-Regeln...
2024-09-21  05:17:25,321 : Ermittlung der Namen der System-Apps für die Firewall-Regeln abgeschlossen.
